{"level":"info","message":"Audit log saved for update on Product with ID 6560433525bea119ea3a6c66","timestamp":"2023-11-24T06:36:55.643Z"}
{"level":"info","message":"Audit log saved for update on Product with ID 6560433525bea119ea3a6c66","timestamp":"2023-11-24T06:38:23.715Z"}
{"level":"info","message":"Audit log saved for update on Product with ID 6560433525bea119ea3a6c66","timestamp":"2023-11-24T06:38:33.709Z"}
{"level":"info","message":"Audit log saved for update on Product with ID 6560433525bea119ea3a6c66","timestamp":"2023-11-24T06:39:49.375Z"}
{"level":"info","message":"Audit log saved for update on Product with ID 6560433525bea119ea3a6c66","timestamp":"2023-11-24T06:40:49.679Z"}
{"level":"info","message":"Audit log saved for update on Product with ID 6560433525bea119ea3a6c66","timestamp":"2023-11-24T06:43:23.237Z"}
{"level":"info","message":"Audit log saved for update on Product with ID 6560433525bea119ea3a6c66","timestamp":"2023-11-24T06:50:48.875Z"}
{"level":"info","message":"Audit log saved for update on Product with ID 6560433525bea119ea3a6c66","timestamp":"2023-11-24T06:50:58.176Z"}
{"level":"info","message":"Audit log saved for update on Product with ID 6560433525bea119ea3a6c66","timestamp":"2023-11-24T06:54:18.721Z"}
{"level":"info","message":"Audit log saved for update on Product with ID 6560433525bea119ea3a6c66","timestamp":"2023-11-24T06:56:06.369Z"}
{"level":"info","message":"Audit log saved for update on Product with ID 6560433525bea119ea3a6c66","timestamp":"2023-11-24T07:03:21.943Z"}
{"level":"info","message":"Audit log saved for update on Product with ID 6560433525bea119ea3a6c66","timestamp":"2023-11-24T07:03:34.204Z"}
{"level":"info","message":"Audit log saved for update on Product with ID 6560433525bea119ea3a6c66","timestamp":"2023-11-24T07:09:22.280Z"}
{"level":"info","message":"Audit log saved for update on Product with ID 6560433525bea119ea3a6c66","timestamp":"2023-11-24T07:11:08.862Z"}
{"level":"info","message":"Audit log saved for update on Product with ID 6560433525bea119ea3a6c66","timestamp":"2023-11-24T07:19:14.278Z"}
{"level":"error","message":"Error: CastError: Cast to ObjectId failed for value \"1\" (type string) at path \"_id\" for model \"Product\"","timestamp":"2023-11-24T07:27:19.944Z"}
{"level":"error","message":"Error: CastError: Cast to ObjectId failed for value \"d54f6d1f\" (type string) at path \"_id\" for model \"Product\"","timestamp":"2023-11-24T07:29:58.463Z"}
{"level":"error","message":"Error: CastError: Cast to ObjectId failed for value \"d54f6d1f\" (type string) at path \"_id\" for model \"Product\"","timestamp":"2023-11-24T07:35:34.982Z"}
{"level":"error","message":"Error: CastError: Cast to ObjectId failed for value \"123\" (type string) at path \"_id\" for model \"Product\"","timestamp":"2023-11-24T07:38:08.848Z"}
{"level":"error","message":"Error: CastError: Cast to ObjectId failed for value \"123\" (type string) at path \"_id\" for model \"Product\"","timestamp":"2023-11-24T07:38:57.418Z"}
{"level":"error","message":"Error: CastError: Cast to ObjectId failed for value \"123\" (type string) at path \"_id\" for model \"Product\"","timestamp":"2023-11-24T07:40:29.121Z"}
{"level":"info","message":"Audit log saved for update on Product with ID 6560433525bea119ea3a6c66","timestamp":"2023-11-24T07:41:41.273Z"}
{"level":"error","message":"Error: CastError: Cast to ObjectId failed for value \"bea119ea3a6c66\" (type string) at path \"_id\" for model \"Product\"","timestamp":"2023-11-24T07:43:04.087Z"}
{"level":"error","message":"Error: CastError: Cast to ObjectId failed for value \"bea119ea3a6c66\" (type string) at path \"_id\" for model \"Product\"","timestamp":"2023-11-24T07:43:57.542Z"}
{"level":"error","message":"Error: CastError: Cast to ObjectId failed for value \"bea119ea3a6c66\" (type string) at path \"_id\" for model \"Product\"","timestamp":"2023-11-24T07:44:42.411Z"}
{"level":"error","message":"Error: CastError: Cast to ObjectId failed for value \"bea119ea3a6c66\" (type string) at path \"_id\" for model \"Product\"","timestamp":"2023-11-24T07:48:31.790Z"}
{"level":"error","message":"Error: CastError: Cast to ObjectId failed for value \"bea119ea3a6c66\" (type string) at path \"_id\" for model \"Product\"","timestamp":"2023-11-24T07:49:53.777Z"}
{"level":"error","message":"Error: CastError: Cast to ObjectId failed for value \"bea119ea3a6c66\" (type string) at path \"_id\" for model \"Product\"","timestamp":"2023-11-24T07:50:56.419Z"}
{"level":"info","message":"Audit log saved for update on Product with ID 6560433525bea119ea3a6c66","timestamp":"2023-11-24T07:51:14.666Z"}
{"level":"error","message":"Error: CastError: Cast to ObjectId failed for value \"bea119ea3a6c66\" (type string) at path \"_id\" for model \"Product\"","timestamp":"2023-11-24T07:53:25.958Z"}
{"level":"error","message":"Error: CastError: Cast to ObjectId failed for value \"bea119ea3a6c66\" (type string) at path \"_id\" for model \"Product\"","timestamp":"2023-11-24T08:02:14.576Z"}
{"level":"info","message":"Audit log saved for update on Product with ID 6560433525bea119ea3a6c66","timestamp":"2023-11-24T08:04:37.158Z"}
{"level":"info","message":"Audit log saved for update on Product with ID 6560433525bea119ea3a6c66","timestamp":"2023-11-24T08:05:02.471Z"}
{"level":"error","message":"Error: CastError: Cast to ObjectId failed for value \"ea3a6c66\" (type string) at path \"_id\" for model \"Product\"","timestamp":"2023-11-24T08:08:21.901Z"}
{"level":"error","message":"Error: CastError: Cast to ObjectId failed for value \"e\" (type string) at path \"_id\" for model \"Product\"","timestamp":"2023-11-24T08:08:48.603Z"}
{"level":"error","message":"Error: CastError: Cast to ObjectId failed for value \"e\" (type string) at path \"_id\" for model \"Product\"","timestamp":"2023-11-24T08:09:28.614Z"}
{"level":"error","message":"Error: CastError: Cast to ObjectId failed for value \"e\" (type string) at path \"_id\" for model \"Product\"","timestamp":"2023-11-24T08:11:25.881Z","userId":"6548be4ae4b0bbf1e1437eb1"}
{"level":"error","message":"Error: CastError: Cast to ObjectId failed for value \"e\" (type string) at path \"_id\" for model \"Product\"","timestamp":"2023-11-24T08:12:19.850Z","userId":"6548be4ae4b0bbf1e1437eb1"}
{"level":"info","message":"Audit log saved for update on Product with ID 6560433525bea119ea3a6c66","timestamp":"2023-11-24T08:16:56.069Z"}
{"level":"info","message":"Audit log saved for update on Product with ID 6560433525bea119ea3a6c66","timestamp":"2023-11-24T09:07:29.449Z"}
{"level":"info","message":"Audit log saved for update on Product with ID 6560433525bea119ea3a6c66","timestamp":"2023-11-24T09:08:15.287Z"}
{"level":"info","message":"Audit log saved for update on Product with ID 6560433525bea119ea3a6c66","timestamp":"2023-11-24T09:09:48.120Z"}
{"level":"info","message":"Audit log saved for update on Product with ID 6560433525bea119ea3a6c66","timestamp":"2023-11-24T09:11:12.250Z"}
{"level":"info","message":"Audit log saved for update on Product with ID 6560433525bea119ea3a6c66","timestamp":"2023-11-24T09:12:59.041Z"}
{"level":"info","message":"Audit log saved for update on Product with ID 6560433525bea119ea3a6c66","timestamp":"2023-11-24T09:40:47.491Z"}
{"level":"info","message":"Audit log saved for update on Product with ID 6560433525bea119ea3a6c66","timestamp":"2023-11-24T09:41:50.554Z"}
{"level":"info","message":"This is an information log","timestamp":"2023-11-24T09:45:12.508Z","userId":"6548be4ae4b0bbf1e1437eb1"}
{"level":"info","message":"Audit log saved for update on Product with ID 6560433525bea119ea3a6c66","timestamp":"2023-11-24T09:45:12.532Z"}
